<?xml version="1.0" encoding="utf-8"?><testsuites name="pytest tests"><testsuite name="pytest" errors="0" failures="0" skipped="0" tests="26" time="2.579" timestamp="2026-08-14T21:34:18.579885+00:00" hostname="agent-env-17301d70-d2c9-47bc-940c-084cba8eb23c"><testcase classname="tests.backend_test.TestReport" name="test_report_meta" time="0.696" /><testcase classname="tests.backend_test.TestReport" name="test_report_totals" time="0.000" /><testcase classname="tests.backend_test.TestReport" name="test_hotspots_have_coords" time="0.000" /><testcase classname="tests.backend_test.TestReport" name="test_unmapped_systems_empty" time="0.000" /><testcase classname="tests.backend_test.TestReport" name="test_kill_shape" time="0.000" /><testcase classname="tests.backend_test.TestReport" name="test_region_stats" time="0.000" /><testcase classname="tests.backend_test.TestReport" name="test_invalid_report_returns_404" time="0.471" /><testcase classname="tests.backend_test.TestCombinedReport" name="test_combined_shape" time="1.022" /><testcase classname="tests.backend_test.TestCombinedReport" name="test_combined_totals_sum" time="0.000" /><testcase classname="tests.backend_test.TestCombinedReport" name="test_combined_member_union" time="0.000" /><testcase classname="tests.backend_test.TestCombinedReport" name="test_combined_kill_tags" time="0.000" /><testcase classname="tests.backend_test.TestCombinedReport" name="test_combined_aggregates_present" time="0.000" /><testcase classname="tests.backend_test.TestCombinedReport" name="test_combined_isk_sum_human" time="0.000" /><testcase classname="tests.backend_test.TestCombinedReport" name="test_combined_single_id" time="0.364" /><testcase classname="tests.backend_test.TestShipBreakdown" name="test_ship_breakdown_present" time="0.000" /><testcase classname="tests.backend_test.TestShipBreakdown" name="test_ship_breakdown_sorted_desc" time="0.000" /><testcase classname="tests.backend_test.TestShipBreakdown" name="test_ship_breakdown_sums_to_total" time="0.000" /><testcase classname="tests.backend_test.TestShipBreakdown" name="test_ship_breakdown_expected_groups" time="0.000" /><testcase classname="tests.backend_test.TestShipBreakdown" name="test_kill_ship_has_group" time="0.000" /><testcase classname="tests.backend_test.TestCombinedReport" name="test_combined_invalid_id_returns_404" time="0.293" /><testcase classname="tests.backend_test.TestRecentReports" name="test_shape" time="0.253" /><testcase classname="tests.backend_test.TestRecentReports" name="test_report_entry_shape" time="0.000" /><testcase classname="tests.backend_test.TestRecentReports" name="test_report_622_present" time="0.000" /><testcase classname="tests.backend_test.TestReport622Combined" name="test_combined_flag_false" time="0.000" /><testcase classname="tests.backend_test.TestCombinedReport" name="test_combined_empty_returns_400" time="0.134" /><testcase classname="tests.backend_test.TestUniverseSystems" name="test_systems_endpoint" time="0.211" /></testsuite></testsuites>