<?xml version="1.0" encoding="utf-8"?><testsuites name="pytest tests"><testsuite name="pytest" errors="0" failures="0" skipped="0" tests="16" time="2.012" timestamp="2026-08-14T20:45:00.189323+00:00" hostname="agent-env-17301d70-d2c9-47bc-940c-084cba8eb23c"><testcase classname="tests.backend_test.TestReport" name="test_report_meta" time="0.840" /><testcase classname="tests.backend_test.TestReport" name="test_report_totals" time="0.000" /><testcase classname="tests.backend_test.TestReport" name="test_hotspots_have_coords" time="0.000" /><testcase classname="tests.backend_test.TestReport" name="test_unmapped_systems_empty" time="0.000" /><testcase classname="tests.backend_test.TestReport" name="test_kill_shape" time="0.000" /><testcase classname="tests.backend_test.TestReport" name="test_region_stats" time="0.000" /><testcase classname="tests.backend_test.TestReport" name="test_invalid_report_returns_404" time="0.345" /><testcase classname="tests.backend_test.TestShipBreakdown" name="test_ship_breakdown_present" time="0.854" /><testcase classname="tests.backend_test.TestShipBreakdown" name="test_ship_breakdown_sorted_desc" time="0.000" /><testcase classname="tests.backend_test.TestShipBreakdown" name="test_ship_breakdown_sums_to_total" time="0.000" /><testcase classname="tests.backend_test.TestShipBreakdown" name="test_ship_breakdown_expected_groups" time="0.000" /><testcase classname="tests.backend_test.TestShipBreakdown" name="test_kill_ship_has_group" time="0.000" /><testcase classname="tests.backend_test.TestUniverseSystems" name="test_systems_endpoint" time="0.410" /><testcase classname="tests.backend_test.TestRecentReports" name="test_shape" time="0.215" /><testcase classname="tests.backend_test.TestRecentReports" name="test_report_entry_shape" time="0.000" /><testcase classname="tests.backend_test.TestRecentReports" name="test_report_622_present" time="0.000" /></testsuite></testsuites>